06-05 16:33 [MainProcess, 899] [INFO ]  Time used to process the Amazon data set = 0.1471405029296875 seconds.
06-05 16:33 [MainProcess, 899] [INFO ]  Number of training instances = 27677, number of features = 5000.
06-05 16:33 [MainProcess, 899] [INFO ]  Number of nonzero elements = 2140430
06-05 16:33 [MainProcess, 899] [INFO ]  amazon_xx shape = (27677, 5000).
06-05 16:33 [MainProcess, 899] [INFO ]  amazon_yy shape = (27677, 1).
06-05 16:33 [MainProcess, 899] [INFO ]  Length of the books data set label list = 6465, label values = [0. 1.], label balance = 3264.0
06-05 16:33 [MainProcess, 899] [INFO ]  Length of the dvd data set label list = 5586, label values = [0. 1.], label balance = 2807.0
06-05 16:33 [MainProcess, 899] [INFO ]  Length of the electronics data set label list = 7681, label values = [0. 1.], label balance = 3857.0
06-05 16:33 [MainProcess, 899] [INFO ]  Length of the kitchen data set label list = 7945, label values = [0. 1.], label balance = 3954.0
06-05 16:33 [MainProcess, 899] [INFO ]  Data sets: ['books', 'dvd', 'electronics', 'kitchen']
06-05 16:33 [MainProcess, 899] [INFO ]  Number of total instances in the data sets: [6465, 5586, 7681, 7945]
06-05 16:33 [MainProcess, 899] [INFO ]  Training fraction = 1.0, number of actual training data instances = 2000
06-05 16:33 [MainProcess, 899] [INFO ]  ----------------------------------------------------------------------------------------------------
06-05 16:33 [MainProcess, 899] [INFO ]  Training with domain adaptation using PyTorch madnNet: 
06-05 16:33 [MainProcess, 899] [INFO ]  Hyperparameter setting = {'gamma': 10.0, 'batch_size': 20, 'mode': 'maxmin', 'num_epochs': 15, 'hidden_layers': [1000, 500, 100], 'num_domains': 3, 'num_classes': 2, 'mu': 0.01, 'verbose': True, 'input_dim': 5000, 'lr': 1.0}.
06-05 16:33 [MainProcess, 899] [INFO ]  Iteration 0, loss = 63.86006757616997
06-05 16:33 [MainProcess, 899] [INFO ]  Iteration 1, loss = 44.97760388255119
06-05 16:33 [MainProcess, 899] [INFO ]  Iteration 2, loss = 34.698609352111816
06-05 16:33 [MainProcess, 899] [INFO ]  Iteration 3, loss = 25.456210531294346
06-05 16:33 [MainProcess, 899] [INFO ]  Iteration 4, loss = 20.37942111119628
06-05 16:33 [MainProcess, 899] [INFO ]  Iteration 5, loss = 15.058811441063881
06-05 16:33 [MainProcess, 899] [INFO ]  Iteration 6, loss = 9.378810679540038
06-05 16:33 [MainProcess, 899] [INFO ]  Iteration 7, loss = 7.186581756919622
06-05 16:33 [MainProcess, 899] [INFO ]  Iteration 8, loss = 5.0564377112314105
06-05 16:33 [MainProcess, 899] [INFO ]  Iteration 9, loss = 2.8684297064319253
06-05 16:33 [MainProcess, 899] [INFO ]  Iteration 10, loss = 1.986094281077385
06-05 16:33 [MainProcess, 899] [INFO ]  Iteration 11, loss = 1.3415654227137566
06-05 16:33 [MainProcess, 899] [INFO ]  Iteration 12, loss = 1.2760957116261125
06-05 16:33 [MainProcess, 899] [INFO ]  Iteration 13, loss = 1.357412189245224
06-05 16:33 [MainProcess, 899] [INFO ]  Iteration 14, loss = 1.284738170914352
06-05 17:09 [MainProcess, 926] [INFO ]  Time used to process the Amazon data set = 0.13129806518554688 seconds.
06-05 17:09 [MainProcess, 926] [INFO ]  Number of training instances = 27677, number of features = 5000.
06-05 17:09 [MainProcess, 926] [INFO ]  Number of nonzero elements = 2140430
06-05 17:09 [MainProcess, 926] [INFO ]  amazon_xx shape = (27677, 5000).
06-05 17:09 [MainProcess, 926] [INFO ]  amazon_yy shape = (27677, 1).
06-05 17:09 [MainProcess, 926] [INFO ]  Length of the books data set label list = 6465, label values = [0. 1.], label balance = 3264.0
06-05 17:09 [MainProcess, 926] [INFO ]  Length of the dvd data set label list = 5586, label values = [0. 1.], label balance = 2807.0
06-05 17:09 [MainProcess, 926] [INFO ]  Length of the electronics data set label list = 7681, label values = [0. 1.], label balance = 3857.0
06-05 17:09 [MainProcess, 926] [INFO ]  Length of the kitchen data set label list = 7945, label values = [0. 1.], label balance = 3954.0
06-05 17:09 [MainProcess, 926] [INFO ]  Data sets: ['books', 'dvd', 'electronics', 'kitchen']
06-05 17:09 [MainProcess, 926] [INFO ]  Number of total instances in the data sets: [6465, 5586, 7681, 7945]
06-05 17:09 [MainProcess, 926] [INFO ]  Training fraction = 1.0, number of actual training data instances = 2000
06-05 17:09 [MainProcess, 926] [INFO ]  ----------------------------------------------------------------------------------------------------
06-05 17:09 [MainProcess, 926] [INFO ]  Training with domain adaptation using PyTorch madnNet: 
06-05 17:09 [MainProcess, 926] [INFO ]  Hyperparameter setting = {'verbose': True, 'lr': 1.0, 'num_epochs': 15, 'input_dim': 5000, 'mu': 0.01, 'num_domains': 3, 'batch_size': 20, 'mode': 'maxmin', 'hidden_layers': [1000, 500, 100], 'num_classes': 2, 'gamma': 10.0}.
06-05 17:09 [MainProcess, 926] [INFO ]  Iteration 0, loss = 63.86006757616997
06-05 17:09 [MainProcess, 926] [INFO ]  Iteration 1, loss = 44.97760388255119
06-05 17:09 [MainProcess, 926] [INFO ]  Iteration 2, loss = 34.698609352111816
06-05 17:09 [MainProcess, 926] [INFO ]  Iteration 3, loss = 25.456210531294346
06-05 17:09 [MainProcess, 926] [INFO ]  Iteration 4, loss = 20.37942111119628
06-05 17:09 [MainProcess, 926] [INFO ]  Iteration 5, loss = 15.058811441063881
06-05 17:09 [MainProcess, 926] [INFO ]  Iteration 6, loss = 9.378810679540038
06-05 17:09 [MainProcess, 926] [INFO ]  Iteration 7, loss = 7.186581756919622
06-05 17:09 [MainProcess, 926] [INFO ]  Iteration 8, loss = 5.0564377112314105
06-05 17:09 [MainProcess, 926] [INFO ]  Iteration 9, loss = 2.8684297064319253
06-05 17:09 [MainProcess, 926] [INFO ]  Iteration 10, loss = 1.986094281077385
06-05 17:09 [MainProcess, 926] [INFO ]  Iteration 11, loss = 1.3415654227137566
06-05 17:09 [MainProcess, 926] [INFO ]  Iteration 12, loss = 1.2760957116261125
06-05 17:09 [MainProcess, 926] [INFO ]  Iteration 13, loss = 1.357412189245224
06-05 17:09 [MainProcess, 926] [INFO ]  Iteration 14, loss = 1.284738170914352
06-05 17:09 [MainProcess, 926] [INFO ]  Prediction accuracy on books = 0.7711086226203807, time used = 11.824337720870972 seconds.
06-05 17:09 [MainProcess, 926] [INFO ]  Iteration 0, loss = 66.42883697152138
06-05 17:09 [MainProcess, 926] [INFO ]  Iteration 1, loss = 48.67229562997818
06-05 17:09 [MainProcess, 926] [INFO ]  Iteration 2, loss = 37.59243428707123
06-05 17:09 [MainProcess, 926] [INFO ]  Iteration 3, loss = 28.389629036188126
06-05 17:09 [MainProcess, 926] [INFO ]  Iteration 4, loss = 20.97523310035467
06-05 17:09 [MainProcess, 926] [INFO ]  Iteration 5, loss = 15.289211798459291
06-05 17:09 [MainProcess, 926] [INFO ]  Iteration 6, loss = 11.447229651734233
06-05 17:09 [MainProcess, 926] [INFO ]  Iteration 7, loss = 7.117697602137923
06-05 17:09 [MainProcess, 926] [INFO ]  Iteration 8, loss = 4.955342851579189
06-05 17:09 [MainProcess, 926] [INFO ]  Iteration 9, loss = 4.173407711088657
06-05 17:09 [MainProcess, 926] [INFO ]  Iteration 10, loss = 2.091850849799812
06-05 17:09 [MainProcess, 926] [INFO ]  Iteration 11, loss = 1.3425519661977887
06-05 17:09 [MainProcess, 926] [INFO ]  Iteration 12, loss = 1.3035368295386434
06-05 17:09 [MainProcess, 926] [INFO ]  Iteration 13, loss = 1.7143524242565036
06-05 17:09 [MainProcess, 926] [INFO ]  Iteration 14, loss = 1.2637921888381243
06-05 17:09 [MainProcess, 926] [INFO ]  Prediction accuracy on dvd = 0.7916899051868377, time used = 11.90027379989624 seconds.
06-05 17:09 [MainProcess, 926] [INFO ]  Iteration 0, loss = 69.28034019470215
06-05 17:09 [MainProcess, 926] [INFO ]  Iteration 1, loss = 51.535940408706665
06-05 17:09 [MainProcess, 926] [INFO ]  Iteration 2, loss = 40.92144267261028
06-05 17:09 [MainProcess, 926] [INFO ]  Iteration 3, loss = 31.63543289899826
06-05 17:10 [MainProcess, 926] [INFO ]  Iteration 4, loss = 23.253386788070202
06-05 17:10 [MainProcess, 926] [INFO ]  Iteration 5, loss = 17.849726609885693
06-05 17:10 [MainProcess, 926] [INFO ]  Iteration 6, loss = 11.548922874033451
06-05 17:10 [MainProcess, 926] [INFO ]  Iteration 7, loss = 8.775591487064958
06-05 17:10 [MainProcess, 926] [INFO ]  Iteration 8, loss = 6.289752793498337
06-05 17:10 [MainProcess, 926] [INFO ]  Iteration 9, loss = 3.8311429424211383
06-05 17:10 [MainProcess, 926] [INFO ]  Iteration 10, loss = 2.634882614016533
06-05 17:10 [MainProcess, 926] [INFO ]  Iteration 11, loss = 2.045719458721578
06-05 17:10 [MainProcess, 926] [INFO ]  Iteration 12, loss = 1.3351718205958605
06-05 17:10 [MainProcess, 926] [INFO ]  Iteration 13, loss = 1.3070279406383634
06-05 17:10 [MainProcess, 926] [INFO ]  Iteration 14, loss = 1.804984712973237
06-05 17:10 [MainProcess, 926] [INFO ]  Prediction accuracy on electronics = 0.848618201020947, time used = 11.640820741653442 seconds.
06-05 17:10 [MainProcess, 926] [INFO ]  Iteration 0, loss = 66.61778318881989
06-05 17:10 [MainProcess, 926] [INFO ]  Iteration 1, loss = 50.047383248806
06-05 17:10 [MainProcess, 926] [INFO ]  Iteration 2, loss = 39.959041967988014
06-05 17:10 [MainProcess, 926] [INFO ]  Iteration 3, loss = 30.254089936614037
06-05 17:10 [MainProcess, 926] [INFO ]  Iteration 4, loss = 23.8881057202816
06-05 17:10 [MainProcess, 926] [INFO ]  Iteration 5, loss = 16.451425846666098
06-05 17:10 [MainProcess, 926] [INFO ]  Iteration 6, loss = 12.825899254530668
06-05 17:10 [MainProcess, 926] [INFO ]  Iteration 7, loss = 7.780594501644373
06-05 17:10 [MainProcess, 926] [INFO ]  Iteration 8, loss = 6.203920839354396
06-05 17:10 [MainProcess, 926] [INFO ]  Iteration 9, loss = 3.8817401891574264
06-05 17:10 [MainProcess, 926] [INFO ]  Iteration 10, loss = 2.084857731126249
06-05 17:10 [MainProcess, 926] [INFO ]  Iteration 11, loss = 2.595913525670767
06-05 17:10 [MainProcess, 926] [INFO ]  Iteration 12, loss = 1.4852746948599815
06-05 17:10 [MainProcess, 926] [INFO ]  Iteration 13, loss = 1.33327557425946
06-05 17:10 [MainProcess, 926] [INFO ]  Iteration 14, loss = 1.3097732122987509
06-05 17:10 [MainProcess, 926] [INFO ]  Prediction accuracy on kitchen = 0.8608915054667788, time used = 11.827674388885498 seconds.
06-05 17:10 [MainProcess, 926] [INFO ]  Prediction accuracy with multiple source domain adaptation using madnNet: 
06-05 17:10 [MainProcess, 926] [INFO ]  {'kitchen': 0.8608915054667788, 'electronics': 0.848618201020947, 'dvd': 0.7916899051868377, 'books': 0.7711086226203807}
06-05 17:10 [MainProcess, 926] [INFO ]  ****************************************************************************************************
